<?xml version="1.0" encoding="UTF-8"?>
<testsuite xmlns:xsi="http://www.w3.org/2001/XMLSchema-instance" xsi:noNamespaceSchemaLocation="https://maven.apache.org/surefire/maven-surefire-plugin/xsd/surefire-test-report.xsd" name="application.dak.DAK.DakApplicationTests" time="24.681" tests="1" errors="0" skipped="0" failures="0">
  <properties>
    <property name="java.specification.version" value="16"/>
    <property name="sun.cpu.isalist" value="amd64"/>
    <property name="sun.jnu.encoding" value="Cp1252"/>
    <property name="java.class.path" value="C:\Users\hyc\IntelliJProjects\DAK2\target\test-classes;C:\Users\hyc\IntelliJProjects\DAK2\target\classes;C:\Users\hyc\.m2\repository\org\springframework\boot\spring-boot-starter-activemq\2.5.6\spring-boot-starter-activemq-2.5.6.jar;C:\Users\hyc\.m2\repository\org\springframework\boot\spring-boot-starter\2.5.6\spring-boot-starter-2.5.6.jar;C:\Users\hyc\.m2\repository\org\springframework\boot\spring-boot-starter-logging\2.5.6\spring-boot-starter-logging-2.5.6.jar;C:\Users\hyc\.m2\repository\ch\qos\logback\logback-classic\1.2.6\logback-classic-1.2.6.jar;C:\Users\hyc\.m2\repository\ch\qos\logback\logback-core\1.2.6\logback-core-1.2.6.jar;C:\Users\hyc\.m2\repository\org\apache\logging\log4j\log4j-to-slf4j\2.14.1\log4j-to-slf4j-2.14.1.jar;C:\Users\hyc\.m2\repository\org\apache\logging\log4j\log4j-api\2.14.1\log4j-api-2.14.1.jar;C:\Users\hyc\.m2\repository\org\slf4j\jul-to-slf4j\1.7.32\jul-to-slf4j-1.7.32.jar;C:\Users\hyc\.m2\repository\jakarta\annotation\jakarta.annotation-api\1.3.5\jakarta.annotation-api-1.3.5.jar;C:\Users\hyc\.m2\repository\org\yaml\snakeyaml\1.28\snakeyaml-1.28.jar;C:\Users\hyc\.m2\repository\org\springframework\spring-jms\5.3.12\spring-jms-5.3.12.jar;C:\Users\hyc\.m2\repository\org\springframework\spring-beans\5.3.12\spring-beans-5.3.12.jar;C:\Users\hyc\.m2\repository\org\springframework\spring-messaging\5.3.12\spring-messaging-5.3.12.jar;C:\Users\hyc\.m2\repository\org\springframework\spring-tx\5.3.12\spring-tx-5.3.12.jar;C:\Users\hyc\.m2\repository\jakarta\jms\jakarta.jms-api\2.0.3\jakarta.jms-api-2.0.3.jar;C:\Users\hyc\.m2\repository\jakarta\management\j2ee\jakarta.management.j2ee-api\1.1.4\jakarta.management.j2ee-api-1.1.4.jar;C:\Users\hyc\.m2\repository\org\mybatis\spring\boot\mybatis-spring-boot-starter\2.2.0\mybatis-spring-boot-starter-2.2.0.jar;C:\Users\hyc\.m2\repository\org\springframework\boot\spring-boot-starter-jdbc\2.5.6\spring-boot-starter-jdbc-2.5.6.jar;C:\Users\hyc\.m2\repository\com\zaxxer\HikariCP\4.0.3\HikariCP-4.0.3.jar;C:\Users\hyc\.m2\repository\org\springframework\spring-jdbc\5.3.12\spring-jdbc-5.3.12.jar;C:\Users\hyc\.m2\repository\org\mybatis\spring\boot\mybatis-spring-boot-autoconfigure\2.2.0\mybatis-spring-boot-autoconfigure-2.2.0.jar;C:\Users\hyc\.m2\repository\org\mybatis\mybatis\3.5.7\mybatis-3.5.7.jar;C:\Users\hyc\.m2\repository\org\mybatis\mybatis-spring\2.0.6\mybatis-spring-2.0.6.jar;C:\Users\hyc\.m2\repository\com\microsoft\sqlserver\mssql-jdbc\9.2.1.jre8\mssql-jdbc-9.2.1.jre8.jar;C:\Users\hyc\.m2\repository\org\projectlombok\lombok\1.18.22\lombok-1.18.22.jar;C:\Users\hyc\.m2\repository\com\vaadin\vaadin\14.7.3\vaadin-14.7.3.jar;C:\Users\hyc\.m2\repository\com\vaadin\vaadin-core\14.7.3\vaadin-core-14.7.3.jar;C:\Users\hyc\.m2\repository\com\vaadin\flow-server\2.7.2\flow-server-2.7.2.jar;C:\Users\hyc\.m2\repository\com\vaadin\external\gwt\gwt-elemental\2.8.2.vaadin2\gwt-elemental-2.8.2.vaadin2.jar;C:\Users\hyc\.m2\repository\commons-fileupload\commons-fileupload\1.3.3\commons-fileupload-1.3.3.jar;C:\Users\hyc\.m2\repository\com\helger\ph-css\6.1.1\ph-css-6.1.1.jar;C:\Users\hyc\.m2\repository\com\helger\ph-commons\9.1.2\ph-commons-9.1.2.jar;C:\Users\hyc\.m2\repository\com\vaadin\external\gentyref\1.2.0.vaadin1\gentyref-1.2.0.vaadin1.jar;C:\Users\hyc\.m2\repository\com\vaadin\flow-lit-template\2.7.2\flow-lit-template-2.7.2.jar;C:\Users\hyc\.m2\repository\com\vaadin\flow-push\2.7.2\flow-push-2.7.2.jar;C:\Users\hyc\.m2\repository\com\vaadin\external\atmosphere\atmosphere-runtime\2.4.30.slf4jvaadin1\atmosphere-runtime-2.4.30.slf4jvaadin1.jar;C:\Users\hyc\.m2\repository\com\vaadin\flow-client\2.7.2\flow-client-2.7.2.jar;C:\Users\hyc\.m2\repository\com\vaadin\flow-html-components\2.7.2\flow-html-components-2.7.2.jar;C:\Users\hyc\.m2\repository\com\vaadin\flow-data\2.7.2\flow-data-2.7.2.jar;C:\Users\hyc\.m2\repository\javax\validation\validation-api\2.0.1.Final\validation-api-2.0.1.Final.jar;C:\Users\hyc\.m2\repository\com\vaadin\flow-dnd\2.7.2\flow-dnd-2.7.2.jar;C:\Users\hyc\.m2\repository\org\webjars\npm\vaadin__vaadin-mobile-drag-drop\1.0.0\vaadin__vaadin-mobile-drag-drop-1.0.0.jar;C:\Users\hyc\.m2\repository\org\webjars\npm\mobile-drag-drop\2.3.0-rc.1\mobile-drag-drop-2.3.0-rc.1.jar;C:\Users\hyc\.m2\repository\com\vaadin\vaadin-lumo-theme\2.7.2\vaadin-lumo-theme-2.7.2.jar;C:\Users\hyc\.m2\repository\com\vaadin\vaadin-material-theme\2.7.2\vaadin-material-theme-2.7.2.jar;C:\Users\hyc\.m2\repository\com\vaadin\vaadin-accordion-flow\14.7.3\vaadin-accordion-flow-14.7.3.jar;C:\Users\hyc\.m2\repository\com\vaadin\vaadin-avatar-flow\14.7.3\vaadin-avatar-flow-14.7.3.jar;C:\Users\hyc\.m2\repository\com\vaadin\vaadin-button-flow\14.7.3\vaadin-button-flow-14.7.3.jar;C:\Users\hyc\.m2\repository\com\vaadin\vaadin-checkbox-flow\14.7.3\vaadin-checkbox-flow-14.7.3.jar;C:\Users\hyc\.m2\repository\com\vaadin\vaadin-combo-box-flow\14.7.3\vaadin-combo-box-flow-14.7.3.jar;C:\Users\hyc\.m2\repository\com\vaadin\vaadin-custom-field-flow\14.7.3\vaadin-custom-field-flow-14.7.3.jar;C:\Users\hyc\.m2\repository\com\vaadin\vaadin-date-picker-flow\14.7.3\vaadin-date-picker-flow-14.7.3.jar;C:\Users\hyc\.m2\repository\com\vaadin\vaadin-date-time-picker-flow\14.7.3\vaadin-date-time-picker-flow-14.7.3.jar;C:\Users\hyc\.m2\repository\com\vaadin\vaadin-details-flow\14.7.3\vaadin-details-flow-14.7.3.jar;C:\Users\hyc\.m2\repository\com\vaadin\vaadin-time-picker-flow\14.7.3\vaadin-time-picker-flow-14.7.3.jar;C:\Users\hyc\.m2\repository\com\vaadin\vaadin-select-flow\14.7.3\vaadin-select-flow-14.7.3.jar;C:\Users\hyc\.m2\repository\com\vaadin\vaadin-dialog-flow\14.7.3\vaadin-dialog-flow-14.7.3.jar;C:\Users\hyc\.m2\repository\com\vaadin\vaadin-form-layout-flow\14.7.3\vaadin-form-layout-flow-14.7.3.jar;C:\Users\hyc\.m2\repository\com\vaadin\vaadin-grid-flow\14.7.3\vaadin-grid-flow-14.7.3.jar;C:\Users\hyc\.m2\repository\com\vaadin\vaadin-icons-flow\14.7.3\vaadin-icons-flow-14.7.3.jar;C:\Users\hyc\.m2\repository\com\vaadin\vaadin-iron-list-flow\14.7.3\vaadin-iron-list-flow-14.7.3.jar;C:\Users\hyc\.m2\repository\com\vaadin\vaadin-list-box-flow\14.7.3\vaadin-list-box-flow-14.7.3.jar;C:\Users\hyc\.m2\repository\com\vaadin\vaadin-login-flow\14.7.3\vaadin-login-flow-14.7.3.jar;C:\Users\hyc\.m2\repository\com\vaadin\vaadin-messages-flow\14.7.3\vaadin-messages-flow-14.7.3.jar;C:\Users\hyc\.m2\repository\com\vaadin\vaadin-ordered-layout-flow\14.7.3\vaadin-ordered-layout-flow-14.7.3.jar;C:\Users\hyc\.m2\repository\com\vaadin\vaadin-progress-bar-flow\14.7.3\vaadin-progress-bar-flow-14.7.3.jar;C:\Users\hyc\.m2\repository\com\vaadin\vaadin-radio-button-flow\14.7.3\vaadin-radio-button-flow-14.7.3.jar;C:\Users\hyc\.m2\repository\com\vaadin\vaadin-split-layout-flow\14.7.3\vaadin-split-layout-flow-14.7.3.jar;C:\Users\hyc\.m2\repository\com\vaadin\vaadin-tabs-flow\14.7.3\vaadin-tabs-flow-14.7.3.jar;C:\Users\hyc\.m2\repository\com\vaadin\vaadin-text-field-flow\14.7.3\vaadin-text-field-flow-14.7.3.jar;C:\Users\hyc\.m2\repository\com\vaadin\vaadin-upload-flow\14.7.3\vaadin-upload-flow-14.7.3.jar;C:\Users\hyc\.m2\repository\com\vaadin\vaadin-notification-flow\14.7.3\vaadin-notification-flow-14.7.3.jar;C:\Users\hyc\.m2\repository\com\vaadin\vaadin-app-layout-flow\14.7.3\vaadin-app-layout-flow-14.7.3.jar;C:\Users\hyc\.m2\repository\com\vaadin\vaadin-context-menu-flow\14.7.3\vaadin-context-menu-flow-14.7.3.jar;C:\Users\hyc\.m2\repository\com\vaadin\vaadin-menu-bar-flow\14.7.3\vaadin-menu-bar-flow-14.7.3.jar;C:\Users\hyc\.m2\repository\com\vaadin\vaadin-board-flow\14.7.3\vaadin-board-flow-14.7.3.jar;C:\Users\hyc\.m2\repository\com\vaadin\vaadin-charts-flow\14.7.3\vaadin-charts-flow-14.7.3.jar;C:\Users\hyc\.m2\repository\com\vaadin\vaadin-confirm-dialog-flow\14.7.3\vaadin-confirm-dialog-flow-14.7.3.jar;C:\Users\hyc\.m2\repository\com\vaadin\vaadin-cookie-consent-flow\14.7.3\vaadin-cookie-consent-flow-14.7.3.jar;C:\Users\hyc\.m2\repository\com\vaadin\vaadin-crud-flow\14.7.3\vaadin-crud-flow-14.7.3.jar;C:\Users\hyc\.m2\repository\com\vaadin\vaadin-grid-pro-flow\14.7.3\vaadin-grid-pro-flow-14.7.3.jar;C:\Users\hyc\.m2\repository\com\vaadin\vaadin-rich-text-editor-flow\14.7.3\vaadin-rich-text-editor-flow-14.7.3.jar;C:\Users\hyc\.m2\repository\com\vaadin\vaadin-spring-boot-starter\14.7.3\vaadin-spring-boot-starter-14.7.3.jar;C:\Users\hyc\.m2\repository\com\vaadin\vaadin-spring\12.4.0\vaadin-spring-12.4.0.jar;C:\Users\hyc\.m2\repository\org\springframework\spring-webmvc\5.3.12\spring-webmvc-5.3.12.jar;C:\Users\hyc\.m2\repository\org\springframework\spring-aop\5.3.12\spring-aop-5.3.12.jar;C:\Users\hyc\.m2\repository\org\springframework\spring-expression\5.3.12\spring-expression-5.3.12.jar;C:\Users\hyc\.m2\repository\org\springframework\spring-websocket\5.3.12\spring-websocket-5.3.12.jar;C:\Users\hyc\.m2\repository\org\springframework\boot\spring-boot-starter-web\2.5.6\spring-boot-starter-web-2.5.6.jar;C:\Users\hyc\.m2\repository\org\springframework\boot\spring-boot-starter-json\2.5.6\spring-boot-starter-json-2.5.6.jar;C:\Users\hyc\.m2\repository\com\fasterxml\jackson\datatype\jackson-datatype-jdk8\2.12.5\jackson-datatype-jdk8-2.12.5.jar;C:\Users\hyc\.m2\repository\com\fasterxml\jackson\datatype\jackson-datatype-jsr310\2.12.5\jackson-datatype-jsr310-2.12.5.jar;C:\Users\hyc\.m2\repository\com\fasterxml\jackson\module\jackson-module-parameter-names\2.12.5\jackson-module-parameter-names-2.12.5.jar;C:\Users\hyc\.m2\repository\org\springframework\boot\spring-boot-starter-tomcat\2.5.6\spring-boot-starter-tomcat-2.5.6.jar;C:\Users\hyc\.m2\repository\org\apache\tomcat\embed\tomcat-embed-core\9.0.54\tomcat-embed-core-9.0.54.jar;C:\Users\hyc\.m2\repository\org\apache\tomcat\embed\tomcat-embed-websocket\9.0.54\tomcat-embed-websocket-9.0.54.jar;C:\Users\hyc\.m2\repository\org\springframework\spring-web\5.3.12\spring-web-5.3.12.jar;C:\Users\hyc\.m2\repository\org\vaadin\artur\a-vaadin-helper\1.7.1\a-vaadin-helper-1.7.1.jar;C:\Users\hyc\.m2\repository\org\vaadin\artur\spring-data-provider\2.1.0\spring-data-provider-2.1.0.jar;C:\Users\hyc\.m2\repository\org\springframework\boot\spring-boot-starter-validation\2.5.6\spring-boot-starter-validation-2.5.6.jar;C:\Users\hyc\.m2\repository\org\apache\tomcat\embed\tomcat-embed-el\9.0.54\tomcat-embed-el-9.0.54.jar;C:\Users\hyc\.m2\repository\org\hibernate\validator\hibernate-validator\6.2.0.Final\hibernate-validator-6.2.0.Final.jar;C:\Users\hyc\.m2\repository\jakarta\validation\jakarta.validation-api\2.0.2\jakarta.validation-api-2.0.2.jar;C:\Users\hyc\.m2\repository\org\jboss\logging\jboss-logging\3.4.2.Final\jboss-logging-3.4.2.Final.jar;C:\Users\hyc\.m2\repository\com\fasterxml\classmate\1.5.1\classmate-1.5.1.jar;C:\Users\hyc\.m2\repository\com\google\firebase\firebase-admin\8.1.0\firebase-admin-8.1.0.jar;C:\Users\hyc\.m2\repository\com\google\api-client\google-api-client\1.32.1\google-api-client-1.32.1.jar;C:\Users\hyc\.m2\repository\com\google\oauth-client\google-oauth-client\1.31.5\google-oauth-client-1.31.5.jar;C:\Users\hyc\.m2\repository\com\google\http-client\google-http-client-gson\1.39.2\google-http-client-gson-1.39.2.jar;C:\Users\hyc\.m2\repository\com\google\http-client\google-http-client-apache-v2\1.39.2\google-http-client-apache-v2-1.39.2.jar;C:\Users\hyc\.m2\repository\org\apache\httpcomponents\httpcore\4.4.14\httpcore-4.4.14.jar;C:\Users\hyc\.m2\repository\com\google\api-client\google-api-client-gson\1.32.1\google-api-client-gson-1.32.1.jar;C:\Users\hyc\.m2\repository\com\google\http-client\google-http-client\1.39.2\google-http-client-1.39.2.jar;C:\Users\hyc\.m2\repository\com\google\code\findbugs\jsr305\3.0.2\jsr305-3.0.2.jar;C:\Users\hyc\.m2\repository\com\google\j2objc\j2objc-annotations\1.3\j2objc-annotations-1.3.jar;C:\Users\hyc\.m2\repository\io\opencensus\opencensus-contrib-http-util\0.28.0\opencensus-contrib-http-util-0.28.0.jar;C:\Users\hyc\.m2\repository\com\google\api\api-common\1.10.4\api-common-1.10.4.jar;C:\Users\hyc\.m2\repository\javax\annotation\javax.annotation-api\1.3.2\javax.annotation-api-1.3.2.jar;C:\Users\hyc\.m2\repository\com\google\auto\value\auto-value-annotations\1.8.1\auto-value-annotations-1.8.1.jar;C:\Users\hyc\.m2\repository\com\google\auth\google-auth-library-oauth2-http\0.26.0\google-auth-library-oauth2-http-0.26.0.jar;C:\Users\hyc\.m2\repository\com\google\auth\google-auth-library-credentials\0.26.0\google-auth-library-credentials-0.26.0.jar;C:\Users\hyc\.m2\repository\com\google\cloud\google-cloud-storage\1.118.0\google-cloud-storage-1.118.0.jar;C:\Users\hyc\.m2\repository\com\google\guava\failureaccess\1.0.1\failureaccess-1.0.1.jar;C:\Users\hyc\.m2\repository\com\google\guava\listenablefuture\9999.0-empty-to-avoid-conflict-with-guava\listenablefuture-9999.0-empty-to-avoid-conflict-with-guava.jar;C:\Users\hyc\.m2\repository\org\checkerframework\checker-compat-qual\2.5.5\checker-compat-qual-2.5.5.jar;C:\Users\hyc\.m2\repository\com\google\errorprone\error_prone_annotations\2.7.1\error_prone_annotations-2.7.1.jar;C:\Users\hyc\.m2\repository\com\google\http-client\google-http-client-jackson2\1.39.2\google-http-client-jackson2-1.39.2.jar;C:\Users\hyc\.m2\repository\com\google\apis\google-api-services-storage\v1-rev20210127-1.32.1\google-api-services-storage-v1-rev20210127-1.32.1.jar;C:\Users\hyc\.m2\repository\com\google\cloud\google-cloud-core\1.95.4\google-cloud-core-1.95.4.jar;C:\Users\hyc\.m2\repository\com\google\api\grpc\proto-google-common-protos\2.3.2\proto-google-common-protos-2.3.2.jar;C:\Users\hyc\.m2\repository\com\google\cloud\google-cloud-core-http\1.95.4\google-cloud-core-http-1.95.4.jar;C:\Users\hyc\.m2\repository\com\google\http-client\google-http-client-appengine\1.39.2\google-http-client-appengine-1.39.2.jar;C:\Users\hyc\.m2\repository\com\google\api\gax-httpjson\0.83.0\gax-httpjson-0.83.0.jar;C:\Users\hyc\.m2\repository\com\google\api\gax\1.66.0\gax-1.66.0.jar;C:\Users\hyc\.m2\repository\io\grpc\grpc-context\1.39.0\grpc-context-1.39.0.jar;C:\Users\hyc\.m2\repository\com\google\api\grpc\proto-google-iam-v1\1.0.14\proto-google-iam-v1-1.0.14.jar;C:\Users\hyc\.m2\repository\com\google\protobuf\protobuf-java\3.17.3\protobuf-java-3.17.3.jar;C:\Users\hyc\.m2\repository\com\google\protobuf\protobuf-java-util\3.17.3\protobuf-java-util-3.17.3.jar;C:\Users\hyc\.m2\repository\org\threeten\threetenbp\1.5.1\threetenbp-1.5.1.jar;C:\Users\hyc\.m2\repository\com\google\cloud\google-cloud-firestore\2.6.1\google-cloud-firestore-2.6.1.jar;C:\Users\hyc\.m2\repository\com\google\cloud\google-cloud-core-grpc\1.95.4\google-cloud-core-grpc-1.95.4.jar;C:\Users\hyc\.m2\repository\io\grpc\grpc-core\1.39.0\grpc-core-1.39.0.jar;C:\Users\hyc\.m2\repository\com\google\android\annotations\4.1.1.4\annotations-4.1.1.4.jar;C:\Users\hyc\.m2\repository\org\codehaus\mojo\animal-sniffer-annotations\1.20\animal-sniffer-annotations-1.20.jar;C:\Users\hyc\.m2\repository\io\perfmark\perfmark-api\0.23.0\perfmark-api-0.23.0.jar;C:\Users\hyc\.m2\repository\commons-logging\commons-logging\1.2\commons-logging-1.2.jar;C:\Users\hyc\.m2\repository\commons-codec\commons-codec\1.15\commons-codec-1.15.jar;C:\Users\hyc\.m2\repository\com\google\api\grpc\proto-google-cloud-firestore-v1\2.6.1\proto-google-cloud-firestore-v1-2.6.1.jar;C:\Users\hyc\.m2\repository\com\google\cloud\proto-google-cloud-firestore-bundle-v1\2.6.1\proto-google-cloud-firestore-bundle-v1-2.6.1.jar;C:\Users\hyc\.m2\repository\io\opencensus\opencensus-contrib-grpc-util\0.28.0\opencensus-contrib-grpc-util-0.28.0.jar;C:\Users\hyc\.m2\repository\io\grpc\grpc-protobuf\1.39.0\grpc-protobuf-1.39.0.jar;C:\Users\hyc\.m2\repository\io\grpc\grpc-protobuf-lite\1.39.0\grpc-protobuf-lite-1.39.0.jar;C:\Users\hyc\.m2\repository\io\grpc\grpc-api\1.39.0\grpc-api-1.39.0.jar;C:\Users\hyc\.m2\repository\com\google\api\gax-grpc\1.66.0\gax-grpc-1.66.0.jar;C:\Users\hyc\.m2\repository\io\grpc\grpc-auth\1.39.0\grpc-auth-1.39.0.jar;C:\Users\hyc\.m2\repository\io\grpc\grpc-netty-shaded\1.39.0\grpc-netty-shaded-1.39.0.jar;C:\Users\hyc\.m2\repository\io\grpc\grpc-alts\1.39.0\grpc-alts-1.39.0.jar;C:\Users\hyc\.m2\repository\io\grpc\grpc-grpclb\1.39.0\grpc-grpclb-1.39.0.jar;C:\Users\hyc\.m2\repository\org\conscrypt\conscrypt-openjdk-uber\2.5.1\conscrypt-openjdk-uber-2.5.1.jar;C:\Users\hyc\.m2\repository\io\grpc\grpc-stub\1.39.0\grpc-stub-1.39.0.jar;C:\Users\hyc\.m2\repository\com\google\guava\guava\30.1.1-android\guava-30.1.1-android.jar;C:\Users\hyc\.m2\repository\org\slf4j\slf4j-api\1.7.32\slf4j-api-1.7.32.jar;C:\Users\hyc\.m2\repository\io\netty\netty-codec-http\4.1.69.Final\netty-codec-http-4.1.69.Final.jar;C:\Users\hyc\.m2\repository\io\netty\netty-common\4.1.69.Final\netty-common-4.1.69.Final.jar;C:\Users\hyc\.m2\repository\io\netty\netty-buffer\4.1.69.Final\netty-buffer-4.1.69.Final.jar;C:\Users\hyc\.m2\repository\io\netty\netty-codec\4.1.69.Final\netty-codec-4.1.69.Final.jar;C:\Users\hyc\.m2\repository\io\netty\netty-handler\4.1.69.Final\netty-handler-4.1.69.Final.jar;C:\Users\hyc\.m2\repository\io\netty\netty-resolver\4.1.69.Final\netty-resolver-4.1.69.Final.jar;C:\Users\hyc\.m2\repository\io\netty\netty-transport\4.1.69.Final\netty-transport-4.1.69.Final.jar;C:\Users\hyc\.m2\repository\org\springframework\boot\spring-boot-devtools\2.5.6\spring-boot-devtools-2.5.6.jar;C:\Users\hyc\.m2\repository\org\springframework\boot\spring-boot\2.5.6\spring-boot-2.5.6.jar;C:\Users\hyc\.m2\repository\org\springframework\spring-context\5.3.12\spring-context-5.3.12.jar;C:\Users\hyc\.m2\repository\org\springframework\boot\spring-boot-autoconfigure\2.5.6\spring-boot-autoconfigure-2.5.6.jar;C:\Users\hyc\.m2\repository\org\springframework\boot\spring-boot-starter-test\2.5.6\spring-boot-starter-test-2.5.6.jar;C:\Users\hyc\.m2\repository\org\springframework\boot\spring-boot-test\2.5.6\spring-boot-test-2.5.6.jar;C:\Users\hyc\.m2\repository\org\springframework\boot\spring-boot-test-autoconfigure\2.5.6\spring-boot-test-autoconfigure-2.5.6.jar;C:\Users\hyc\.m2\repository\com\jayway\jsonpath\json-path\2.5.0\json-path-2.5.0.jar;C:\Users\hyc\.m2\repository\net\minidev\json-smart\2.4.7\json-smart-2.4.7.jar;C:\Users\hyc\.m2\repository\net\minidev\accessors-smart\2.4.7\accessors-smart-2.4.7.jar;C:\Users\hyc\.m2\repository\org\ow2\asm\asm\9.1\asm-9.1.jar;C:\Users\hyc\.m2\repository\jakarta\xml\bind\jakarta.xml.bind-api\2.3.3\jakarta.xml.bind-api-2.3.3.jar;C:\Users\hyc\.m2\repository\jakarta\activation\jakarta.activation-api\1.2.2\jakarta.activation-api-1.2.2.jar;C:\Users\hyc\.m2\repository\org\assertj\assertj-core\3.19.0\assertj-core-3.19.0.jar;C:\Users\hyc\.m2\repository\org\hamcrest\hamcrest\2.2\hamcrest-2.2.jar;C:\Users\hyc\.m2\repository\org\junit\jupiter\junit-jupiter\5.7.2\junit-jupiter-5.7.2.jar;C:\Users\hyc\.m2\repository\org\junit\jupiter\junit-jupiter-api\5.7.2\junit-jupiter-api-5.7.2.jar;C:\Users\hyc\.m2\repository\org\junit\jupiter\junit-jupiter-params\5.7.2\junit-jupiter-params-5.7.2.jar;C:\Users\hyc\.m2\repository\org\junit\jupiter\junit-jupiter-engine\5.7.2\junit-jupiter-engine-5.7.2.jar;C:\Users\hyc\.m2\repository\org\mockito\mockito-core\3.9.0\mockito-core-3.9.0.jar;C:\Users\hyc\.m2\repository\net\bytebuddy\byte-buddy\1.10.22\byte-buddy-1.10.22.jar;C:\Users\hyc\.m2\repository\net\bytebuddy\byte-buddy-agent\1.10.22\byte-buddy-agent-1.10.22.jar;C:\Users\hyc\.m2\repository\org\objenesis\objenesis\3.2\objenesis-3.2.jar;C:\Users\hyc\.m2\repository\org\mockito\mockito-junit-jupiter\3.9.0\mockito-junit-jupiter-3.9.0.jar;C:\Users\hyc\.m2\repository\org\skyscreamer\jsonassert\1.5.0\jsonassert-1.5.0.jar;C:\Users\hyc\.m2\repository\com\vaadin\external\google\android-json\0.0.20131108.vaadin1\android-json-0.0.20131108.vaadin1.jar;C:\Users\hyc\.m2\repository\org\springframework\spring-core\5.3.12\spring-core-5.3.12.jar;C:\Users\hyc\.m2\repository\org\springframework\spring-jcl\5.3.12\spring-jcl-5.3.12.jar;C:\Users\hyc\.m2\repository\org\springframework\spring-test\5.3.12\spring-test-5.3.12.jar;C:\Users\hyc\.m2\repository\org\xmlunit\xmlunit-core\2.8.3\xmlunit-core-2.8.3.jar;C:\Users\hyc\.m2\repository\com\vaadin\vaadin-testbench\14.7.3\vaadin-testbench-14.7.3.jar;C:\Users\hyc\.m2\repository\com\vaadin\vaadin-testbench-core\6.4.0\vaadin-testbench-core-6.4.0.jar;C:\Users\hyc\.m2\repository\org\seleniumhq\selenium\selenium-remote-driver\3.141.59\selenium-remote-driver-3.141.59.jar;C:\Users\hyc\.m2\repository\org\seleniumhq\selenium\selenium-api\3.141.59\selenium-api-3.141.59.jar;C:\Users\hyc\.m2\repository\org\apache\commons\commons-exec\1.3\commons-exec-1.3.jar;C:\Users\hyc\.m2\repository\org\seleniumhq\selenium\selenium-java\3.141.59\selenium-java-3.141.59.jar;C:\Users\hyc\.m2\repository\org\seleniumhq\selenium\selenium-chrome-driver\3.141.59\selenium-chrome-driver-3.141.59.jar;C:\Users\hyc\.m2\repository\org\seleniumhq\selenium\selenium-edge-driver\3.141.59\selenium-edge-driver-3.141.59.jar;C:\Users\hyc\.m2\repository\org\seleniumhq\selenium\selenium-firefox-driver\3.141.59\selenium-firefox-driver-3.141.59.jar;C:\Users\hyc\.m2\repository\org\seleniumhq\selenium\selenium-ie-driver\3.141.59\selenium-ie-driver-3.141.59.jar;C:\Users\hyc\.m2\repository\org\seleniumhq\selenium\selenium-opera-driver\3.141.59\selenium-opera-driver-3.141.59.jar;C:\Users\hyc\.m2\repository\org\seleniumhq\selenium\selenium-safari-driver\3.141.59\selenium-safari-driver-3.141.59.jar;C:\Users\hyc\.m2\repository\org\seleniumhq\selenium\selenium-support\3.141.59\selenium-support-3.141.59.jar;C:\Users\hyc\.m2\repository\org\easymock\easymock\3.1\easymock-3.1.jar;C:\Users\hyc\.m2\repository\cglib\cglib-nodep\2.2.2\cglib-nodep-2.2.2.jar;C:\Users\hyc\.m2\repository\org\javassist\javassist\3.18.1-GA\javassist-3.18.1-GA.jar;C:\Users\hyc\.m2\repository\com\vaadin\license-checker\1.2.0\license-checker-1.2.0.jar;C:\Users\hyc\.m2\repository\com\github\oshi\oshi-core\5.5.0\oshi-core-5.5.0.jar;C:\Users\hyc\.m2\repository\net\java\dev\jna\jna\5.7.0\jna-5.7.0.jar;C:\Users\hyc\.m2\repository\net\java\dev\jna\jna-platform\5.7.0\jna-platform-5.7.0.jar;C:\Users\hyc\.m2\repository\com\google\gwt\gwt-elemental\2.8.0\gwt-elemental-2.8.0.jar;C:\Users\hyc\.m2\repository\com\vaadin\flow-html-components-testbench\2.7.2\flow-html-components-testbench-2.7.2.jar;C:\Users\hyc\.m2\repository\com\vaadin\vaadin-accordion-testbench\14.7.3\vaadin-accordion-testbench-14.7.3.jar;C:\Users\hyc\.m2\repository\org\webjars\bowergithub\polymer\polymer\2.7.0\polymer-2.7.0.jar;C:\Users\hyc\.m2\repository\org\webjars\bowergithub\webcomponents\webcomponentsjs\1.2.6\webcomponentsjs-1.2.6.jar;C:\Users\hyc\.m2\repository\org\webjars\bowergithub\webcomponents\shadycss\1.8.0\shadycss-1.8.0.jar;C:\Users\hyc\.m2\repository\org\webjars\bowergithub\vaadin\vaadin-element-mixin\2.4.2\vaadin-element-mixin-2.4.2.jar;C:\Users\hyc\.m2\repository\org\webjars\bowergithub\vaadin\vaadin-usage-statistics\2.1.0\vaadin-usage-statistics-2.1.0.jar;C:\Users\hyc\.m2\repository\org\webjars\bowergithub\vaadin\vaadin-development-mode-detector\2.0.4\vaadin-development-mode-detector-2.0.4.jar;C:\Users\hyc\.m2\repository\com\vaadin\vaadin-app-layout-testbench\14.7.3\vaadin-app-layout-testbench-14.7.3.jar;C:\Users\hyc\.m2\repository\com\vaadin\vaadin-avatar-testbench\14.7.3\vaadin-avatar-testbench-14.7.3.jar;C:\Users\hyc\.m2\repository\com\vaadin\vaadin-board-testbench\14.7.3\vaadin-board-testbench-14.7.3.jar;C:\Users\hyc\.m2\repository\com\vaadin\vaadin-button-testbench\14.7.3\vaadin-button-testbench-14.7.3.jar;C:\Users\hyc\.m2\repository\com\vaadin\vaadin-charts-testbench\14.7.3\vaadin-charts-testbench-14.7.3.jar;C:\Users\hyc\.m2\repository\com\vaadin\vaadin-checkbox-testbench\14.7.3\vaadin-checkbox-testbench-14.7.3.jar;C:\Users\hyc\.m2\repository\com\vaadin\vaadin-combo-box-testbench\14.7.3\vaadin-combo-box-testbench-14.7.3.jar;C:\Users\hyc\.m2\repository\com\vaadin\vaadin-confirm-dialog-testbench\14.7.3\vaadin-confirm-dialog-testbench-14.7.3.jar;C:\Users\hyc\.m2\repository\com\vaadin\vaadin-context-menu-testbench\14.7.3\vaadin-context-menu-testbench-14.7.3.jar;C:\Users\hyc\.m2\repository\com\vaadin\vaadin-cookie-consent-testbench\14.7.3\vaadin-cookie-consent-testbench-14.7.3.jar;C:\Users\hyc\.m2\repository\com\vaadin\vaadin-crud-testbench\14.7.3\vaadin-crud-testbench-14.7.3.jar;C:\Users\hyc\.m2\repository\com\vaadin\vaadin-custom-field-testbench\14.7.3\vaadin-custom-field-testbench-14.7.3.jar;C:\Users\hyc\.m2\repository\com\vaadin\vaadin-date-picker-testbench\14.7.3\vaadin-date-picker-testbench-14.7.3.jar;C:\Users\hyc\.m2\repository\com\vaadin\vaadin-date-time-picker-testbench\14.7.3\vaadin-date-time-picker-testbench-14.7.3.jar;C:\Users\hyc\.m2\repository\com\vaadin\vaadin-details-testbench\14.7.3\vaadin-details-testbench-14.7.3.jar;C:\Users\hyc\.m2\repository\com\vaadin\vaadin-dialog-testbench\14.7.3\vaadin-dialog-testbench-14.7.3.jar;C:\Users\hyc\.m2\repository\com\vaadin\vaadin-form-layout-testbench\14.7.3\vaadin-form-layout-testbench-14.7.3.jar;C:\Users\hyc\.m2\repository\com\vaadin\vaadin-grid-testbench\14.7.3\vaadin-grid-testbench-14.7.3.jar;C:\Users\hyc\.m2\repository\com\vaadin\vaadin-grid-pro-testbench\14.7.3\vaadin-grid-pro-testbench-14.7.3.jar;C:\Users\hyc\.m2\repository\com\vaadin\vaadin-icons-testbench\14.7.3\vaadin-icons-testbench-14.7.3.jar;C:\Users\hyc\.m2\repository\com\vaadin\vaadin-iron-list-testbench\14.7.3\vaadin-iron-list-testbench-14.7.3.jar;C:\Users\hyc\.m2\repository\com\vaadin\vaadin-list-box-testbench\14.7.3\vaadin-list-box-testbench-14.7.3.jar;C:\Users\hyc\.m2\repository\com\vaadin\vaadin-login-testbench\14.7.3\vaadin-login-testbench-14.7.3.jar;C:\Users\hyc\.m2\repository\com\vaadin\vaadin-menu-bar-testbench\14.7.3\vaadin-menu-bar-testbench-14.7.3.jar;C:\Users\hyc\.m2\repository\com\vaadin\vaadin-messages-testbench\14.7.3\vaadin-messages-testbench-14.7.3.jar;C:\Users\hyc\.m2\repository\com\vaadin\vaadin-notification-testbench\14.7.3\vaadin-notification-testbench-14.7.3.jar;C:\Users\hyc\.m2\repository\com\vaadin\vaadin-ordered-layout-testbench\14.7.3\vaadin-ordered-layout-testbench-14.7.3.jar;C:\Users\hyc\.m2\repository\com\vaadin\vaadin-progress-bar-testbench\14.7.3\vaadin-progress-bar-testbench-14.7.3.jar;C:\Users\hyc\.m2\repository\com\vaadin\vaadin-radio-button-testbench\14.7.3\vaadin-radio-button-testbench-14.7.3.jar;C:\Users\hyc\.m2\repository\com\vaadin\vaadin-rich-text-editor-testbench\14.7.3\vaadin-rich-text-editor-testbench-14.7.3.jar;C:\Users\hyc\.m2\repository\com\vaadin\vaadin-select-testbench\14.7.3\vaadin-select-testbench-14.7.3.jar;C:\Users\hyc\.m2\repository\com\vaadin\vaadin-split-layout-testbench\14.7.3\vaadin-split-layout-testbench-14.7.3.jar;C:\Users\hyc\.m2\repository\com\vaadin\vaadin-tabs-testbench\14.7.3\vaadin-tabs-testbench-14.7.3.jar;C:\Users\hyc\.m2\repository\com\vaadin\vaadin-text-field-testbench\14.7.3\vaadin-text-field-testbench-14.7.3.jar;C:\Users\hyc\.m2\repository\com\vaadin\vaadin-time-picker-testbench\14.7.3\vaadin-time-picker-testbench-14.7.3.jar;C:\Users\hyc\.m2\repository\com\vaadin\vaadin-upload-testbench\14.7.3\vaadin-upload-testbench-14.7.3.jar;C:\Users\hyc\.m2\repository\org\junit\vintage\junit-vintage-engine\5.7.2\junit-vintage-engine-5.7.2.jar;C:\Users\hyc\.m2\repository\org\apiguardian\apiguardian-api\1.1.0\apiguardian-api-1.1.0.jar;C:\Users\hyc\.m2\repository\org\junit\platform\junit-platform-engine\1.7.2\junit-platform-engine-1.7.2.jar;C:\Users\hyc\.m2\repository\org\opentest4j\opentest4j\1.2.0\opentest4j-1.2.0.jar;C:\Users\hyc\.m2\repository\org\junit\platform\junit-platform-commons\1.7.2\junit-platform-commons-1.7.2.jar;C:\Users\hyc\.m2\repository\junit\junit\4.13.2\junit-4.13.2.jar;C:\Users\hyc\.m2\repository\org\apache\activemq\activemq-broker\5.16.3\activemq-broker-5.16.3.jar;C:\Users\hyc\.m2\repository\org\apache\activemq\activemq-client\5.16.3\activemq-client-5.16.3.jar;C:\Users\hyc\.m2\repository\org\apache\geronimo\specs\geronimo-jms_1.1_spec\1.1.1\geronimo-jms_1.1_spec-1.1.1.jar;C:\Users\hyc\.m2\repository\org\fusesource\hawtbuf\hawtbuf\1.11\hawtbuf-1.11.jar;C:\Users\hyc\.m2\repository\org\apache\geronimo\specs\geronimo-j2ee-management_1.1_spec\1.0.1\geronimo-j2ee-management_1.1_spec-1.0.1.jar;C:\Users\hyc\.m2\repository\org\apache\activemq\activemq-openwire-legacy\5.16.3\activemq-openwire-legacy-5.16.3.jar;C:\Users\hyc\.m2\repository\org\apache\activemq\activemq-pool\5.16.3\activemq-pool-5.16.3.jar;C:\Users\hyc\.m2\repository\org\apache\activemq\activemq-jms-pool\5.16.3\activemq-jms-pool-5.16.3.jar;C:\Users\hyc\.m2\repository\org\apache\geronimo\specs\geronimo-jta_1.1_spec\1.1.1\geronimo-jta_1.1_spec-1.1.1.jar;C:\Users\hyc\.m2\repository\org\apache\commons\commons-pool2\2.9.0\commons-pool2-2.9.0.jar;C:\Users\hyc\.m2\repository\com\fasterxml\jackson\core\jackson-databind\2.12.5\jackson-databind-2.12.5.jar;C:\Users\hyc\.m2\repository\com\fasterxml\jackson\core\jackson-annotations\2.12.5\jackson-annotations-2.12.5.jar;C:\Users\hyc\.m2\repository\com\fasterxml\jackson\core\jackson-core\2.12.5\jackson-core-2.12.5.jar;C:\Users\hyc\.m2\repository\io\github\bonigarcia\webdrivermanager\3.8.1\webdrivermanager-3.8.1.jar;C:\Users\hyc\.m2\repository\commons-io\commons-io\2.6\commons-io-2.6.jar;C:\Users\hyc\.m2\repository\com\google\code\gson\gson\2.8.8\gson-2.8.8.jar;C:\Users\hyc\.m2\repository\org\apache\commons\commons-lang3\3.12.0\commons-lang3-3.12.0.jar;C:\Users\hyc\.m2\repository\org\apache\httpcomponents\httpclient\4.5.13\httpclient-4.5.13.jar;C:\Users\hyc\.m2\repository\org\rauschig\jarchivelib\1.0.0\jarchivelib-1.0.0.jar;C:\Users\hyc\.m2\repository\org\apache\commons\commons-compress\1.18\commons-compress-1.18.jar;C:\Users\hyc\.m2\repository\org\jsoup\jsoup\1.11.3\jsoup-1.11.3.jar;C:\Users\hyc\.m2\repository\com\flowingcode\vaadin\addons\google-maps\1.4.0\google-maps-1.4.0.jar;C:\Users\hyc\.m2\repository\com\google\maps\google-maps-services\1.0.0\google-maps-services-1.0.0.jar;C:\Users\hyc\.m2\repository\com\squareup\okhttp3\okhttp\3.14.9\okhttp-3.14.9.jar;C:\Users\hyc\.m2\repository\com\squareup\okio\okio\1.17.2\okio-1.17.2.jar;C:\Users\hyc\.m2\repository\io\opencensus\opencensus-api\0.25.0\opencensus-api-0.25.0.jar;C:\Users\hyc\.m2\repository\com\vaadin\componentfactory\autocomplete\2.3.2\autocomplete-2.3.2.jar;C:\Users\hyc\.m2\repository\org\vaadin\olli\file-download-wrapper\3.0.1\file-download-wrapper-3.0.1.jar;C:\Users\hyc\.m2\repository\com\itextpdf\itextpdf\5.5.13.2\itextpdf-5.5.13.2.jar;"/>
    <property name="java.vm.vendor" value="Oracle Corporation"/>
    <property name="sun.arch.data.model" value="64"/>
    <property name="user.variant" value=""/>
    <property name="java.vendor.url" value="https://java.oracle.com/"/>
    <property name="user.timezone" value="America/Montevideo"/>
    <property name="os.name" value="Windows 10"/>
    <property name="java.vm.specification.version" value="16"/>
    <property name="sun.java.launcher" value="SUN_STANDARD"/>
    <property name="user.country" value="MX"/>
    <property name="sun.boot.library.path" value="C:\Users\hyc\.jdks\openjdk-16.0.2\bin"/>
    <property name="sun.java.command" value="C:\Users\hyc\AppData\Local\Temp\surefire7270059479169322678\surefirebooter1362387116343575168.jar C:\Users\hyc\AppData\Local\Temp\surefire7270059479169322678 2021-11-27T11-52-41_044-jvmRun1 surefire16613786375193768516tmp surefire_07490758489594387676tmp"/>
    <property name="jdk.debug" value="release"/>
    <property name="surefire.test.class.path" value="C:\Users\hyc\IntelliJProjects\DAK2\target\test-classes;C:\Users\hyc\IntelliJProjects\DAK2\target\classes;C:\Users\hyc\.m2\repository\org\springframework\boot\spring-boot-starter-activemq\2.5.6\spring-boot-starter-activemq-2.5.6.jar;C:\Users\hyc\.m2\repository\org\springframework\boot\spring-boot-starter\2.5.6\spring-boot-starter-2.5.6.jar;C:\Users\hyc\.m2\repository\org\springframework\boot\spring-boot-starter-logging\2.5.6\spring-boot-starter-logging-2.5.6.jar;C:\Users\hyc\.m2\repository\ch\qos\logback\logback-classic\1.2.6\logback-classic-1.2.6.jar;C:\Users\hyc\.m2\repository\ch\qos\logback\logback-core\1.2.6\logback-core-1.2.6.jar;C:\Users\hyc\.m2\repository\org\apache\logging\log4j\log4j-to-slf4j\2.14.1\log4j-to-slf4j-2.14.1.jar;C:\Users\hyc\.m2\repository\org\apache\logging\log4j\log4j-api\2.14.1\log4j-api-2.14.1.jar;C:\Users\hyc\.m2\repository\org\slf4j\jul-to-slf4j\1.7.32\jul-to-slf4j-1.7.32.jar;C:\Users\hyc\.m2\repository\jakarta\annotation\jakarta.annotation-api\1.3.5\jakarta.annotation-api-1.3.5.jar;C:\Users\hyc\.m2\repository\org\yaml\snakeyaml\1.28\snakeyaml-1.28.jar;C:\Users\hyc\.m2\repository\org\springframework\spring-jms\5.3.12\spring-jms-5.3.12.jar;C:\Users\hyc\.m2\repository\org\springframework\spring-beans\5.3.12\spring-beans-5.3.12.jar;C:\Users\hyc\.m2\repository\org\springframework\spring-messaging\5.3.12\spring-messaging-5.3.12.jar;C:\Users\hyc\.m2\repository\org\springframework\spring-tx\5.3.12\spring-tx-5.3.12.jar;C:\Users\hyc\.m2\repository\jakarta\jms\jakarta.jms-api\2.0.3\jakarta.jms-api-2.0.3.jar;C:\Users\hyc\.m2\repository\jakarta\management\j2ee\jakarta.management.j2ee-api\1.1.4\jakarta.management.j2ee-api-1.1.4.jar;C:\Users\hyc\.m2\repository\org\mybatis\spring\boot\mybatis-spring-boot-starter\2.2.0\mybatis-spring-boot-starter-2.2.0.jar;C:\Users\hyc\.m2\repository\org\springframework\boot\spring-boot-starter-jdbc\2.5.6\spring-boot-starter-jdbc-2.5.6.jar;C:\Users\hyc\.m2\repository\com\zaxxer\HikariCP\4.0.3\HikariCP-4.0.3.jar;C:\Users\hyc\.m2\repository\org\springframework\spring-jdbc\5.3.12\spring-jdbc-5.3.12.jar;C:\Users\hyc\.m2\repository\org\mybatis\spring\boot\mybatis-spring-boot-autoconfigure\2.2.0\mybatis-spring-boot-autoconfigure-2.2.0.jar;C:\Users\hyc\.m2\repository\org\mybatis\mybatis\3.5.7\mybatis-3.5.7.jar;C:\Users\hyc\.m2\repository\org\mybatis\mybatis-spring\2.0.6\mybatis-spring-2.0.6.jar;C:\Users\hyc\.m2\repository\com\microsoft\sqlserver\mssql-jdbc\9.2.1.jre8\mssql-jdbc-9.2.1.jre8.jar;C:\Users\hyc\.m2\repository\org\projectlombok\lombok\1.18.22\lombok-1.18.22.jar;C:\Users\hyc\.m2\repository\com\vaadin\vaadin\14.7.3\vaadin-14.7.3.jar;C:\Users\hyc\.m2\repository\com\vaadin\vaadin-core\14.7.3\vaadin-core-14.7.3.jar;C:\Users\hyc\.m2\repository\com\vaadin\flow-server\2.7.2\flow-server-2.7.2.jar;C:\Users\hyc\.m2\repository\com\vaadin\external\gwt\gwt-elemental\2.8.2.vaadin2\gwt-elemental-2.8.2.vaadin2.jar;C:\Users\hyc\.m2\repository\commons-fileupload\commons-fileupload\1.3.3\commons-fileupload-1.3.3.jar;C:\Users\hyc\.m2\repository\com\helger\ph-css\6.1.1\ph-css-6.1.1.jar;C:\Users\hyc\.m2\repository\com\helger\ph-commons\9.1.2\ph-commons-9.1.2.jar;C:\Users\hyc\.m2\repository\com\vaadin\external\gentyref\1.2.0.vaadin1\gentyref-1.2.0.vaadin1.jar;C:\Users\hyc\.m2\repository\com\vaadin\flow-lit-template\2.7.2\flow-lit-template-2.7.2.jar;C:\Users\hyc\.m2\repository\com\vaadin\flow-push\2.7.2\flow-push-2.7.2.jar;C:\Users\hyc\.m2\repository\com\vaadin\external\atmosphere\atmosphere-runtime\2.4.30.slf4jvaadin1\atmosphere-runtime-2.4.30.slf4jvaadin1.jar;C:\Users\hyc\.m2\repository\com\vaadin\flow-client\2.7.2\flow-client-2.7.2.jar;C:\Users\hyc\.m2\repository\com\vaadin\flow-html-components\2.7.2\flow-html-components-2.7.2.jar;C:\Users\hyc\.m2\repository\com\vaadin\flow-data\2.7.2\flow-data-2.7.2.jar;C:\Users\hyc\.m2\repository\javax\validation\validation-api\2.0.1.Final\validation-api-2.0.1.Final.jar;C:\Users\hyc\.m2\repository\com\vaadin\flow-dnd\2.7.2\flow-dnd-2.7.2.jar;C:\Users\hyc\.m2\repository\org\webjars\npm\vaadin__vaadin-mobile-drag-drop\1.0.0\vaadin__vaadin-mobile-drag-drop-1.0.0.jar;C:\Users\hyc\.m2\repository\org\webjars\npm\mobile-drag-drop\2.3.0-rc.1\mobile-drag-drop-2.3.0-rc.1.jar;C:\Users\hyc\.m2\repository\com\vaadin\vaadin-lumo-theme\2.7.2\vaadin-lumo-theme-2.7.2.jar;C:\Users\hyc\.m2\repository\com\vaadin\vaadin-material-theme\2.7.2\vaadin-material-theme-2.7.2.jar;C:\Users\hyc\.m2\repository\com\vaadin\vaadin-accordion-flow\14.7.3\vaadin-accordion-flow-14.7.3.jar;C:\Users\hyc\.m2\repository\com\vaadin\vaadin-avatar-flow\14.7.3\vaadin-avatar-flow-14.7.3.jar;C:\Users\hyc\.m2\repository\com\vaadin\vaadin-button-flow\14.7.3\vaadin-button-flow-14.7.3.jar;C:\Users\hyc\.m2\repository\com\vaadin\vaadin-checkbox-flow\14.7.3\vaadin-checkbox-flow-14.7.3.jar;C:\Users\hyc\.m2\repository\com\vaadin\vaadin-combo-box-flow\14.7.3\vaadin-combo-box-flow-14.7.3.jar;C:\Users\hyc\.m2\repository\com\vaadin\vaadin-custom-field-flow\14.7.3\vaadin-custom-field-flow-14.7.3.jar;C:\Users\hyc\.m2\repository\com\vaadin\vaadin-date-picker-flow\14.7.3\vaadin-date-picker-flow-14.7.3.jar;C:\Users\hyc\.m2\repository\com\vaadin\vaadin-date-time-picker-flow\14.7.3\vaadin-date-time-picker-flow-14.7.3.jar;C:\Users\hyc\.m2\repository\com\vaadin\vaadin-details-flow\14.7.3\vaadin-details-flow-14.7.3.jar;C:\Users\hyc\.m2\repository\com\vaadin\vaadin-time-picker-flow\14.7.3\vaadin-time-picker-flow-14.7.3.jar;C:\Users\hyc\.m2\repository\com\vaadin\vaadin-select-flow\14.7.3\vaadin-select-flow-14.7.3.jar;C:\Users\hyc\.m2\repository\com\vaadin\vaadin-dialog-flow\14.7.3\vaadin-dialog-flow-14.7.3.jar;C:\Users\hyc\.m2\repository\com\vaadin\vaadin-form-layout-flow\14.7.3\vaadin-form-layout-flow-14.7.3.jar;C:\Users\hyc\.m2\repository\com\vaadin\vaadin-grid-flow\14.7.3\vaadin-grid-flow-14.7.3.jar;C:\Users\hyc\.m2\repository\com\vaadin\vaadin-icons-flow\14.7.3\vaadin-icons-flow-14.7.3.jar;C:\Users\hyc\.m2\repository\com\vaadin\vaadin-iron-list-flow\14.7.3\vaadin-iron-list-flow-14.7.3.jar;C:\Users\hyc\.m2\repository\com\vaadin\vaadin-list-box-flow\14.7.3\vaadin-list-box-flow-14.7.3.jar;C:\Users\hyc\.m2\repository\com\vaadin\vaadin-login-flow\14.7.3\vaadin-login-flow-14.7.3.jar;C:\Users\hyc\.m2\repository\com\vaadin\vaadin-messages-flow\14.7.3\vaadin-messages-flow-14.7.3.jar;C:\Users\hyc\.m2\repository\com\vaadin\vaadin-ordered-layout-flow\14.7.3\vaadin-ordered-layout-flow-14.7.3.jar;C:\Users\hyc\.m2\repository\com\vaadin\vaadin-progress-bar-flow\14.7.3\vaadin-progress-bar-flow-14.7.3.jar;C:\Users\hyc\.m2\repository\com\vaadin\vaadin-radio-button-flow\14.7.3\vaadin-radio-button-flow-14.7.3.jar;C:\Users\hyc\.m2\repository\com\vaadin\vaadin-split-layout-flow\14.7.3\vaadin-split-layout-flow-14.7.3.jar;C:\Users\hyc\.m2\repository\com\vaadin\vaadin-tabs-flow\14.7.3\vaadin-tabs-flow-14.7.3.jar;C:\Users\hyc\.m2\repository\com\vaadin\vaadin-text-field-flow\14.7.3\vaadin-text-field-flow-14.7.3.jar;C:\Users\hyc\.m2\repository\com\vaadin\vaadin-upload-flow\14.7.3\vaadin-upload-flow-14.7.3.jar;C:\Users\hyc\.m2\repository\com\vaadin\vaadin-notification-flow\14.7.3\vaadin-notification-flow-14.7.3.jar;C:\Users\hyc\.m2\repository\com\vaadin\vaadin-app-layout-flow\14.7.3\vaadin-app-layout-flow-14.7.3.jar;C:\Users\hyc\.m2\repository\com\vaadin\vaadin-context-menu-flow\14.7.3\vaadin-context-menu-flow-14.7.3.jar;C:\Users\hyc\.m2\repository\com\vaadin\vaadin-menu-bar-flow\14.7.3\vaadin-menu-bar-flow-14.7.3.jar;C:\Users\hyc\.m2\repository\com\vaadin\vaadin-board-flow\14.7.3\vaadin-board-flow-14.7.3.jar;C:\Users\hyc\.m2\repository\com\vaadin\vaadin-charts-flow\14.7.3\vaadin-charts-flow-14.7.3.jar;C:\Users\hyc\.m2\repository\com\vaadin\vaadin-confirm-dialog-flow\14.7.3\vaadin-confirm-dialog-flow-14.7.3.jar;C:\Users\hyc\.m2\repository\com\vaadin\vaadin-cookie-consent-flow\14.7.3\vaadin-cookie-consent-flow-14.7.3.jar;C:\Users\hyc\.m2\repository\com\vaadin\vaadin-crud-flow\14.7.3\vaadin-crud-flow-14.7.3.jar;C:\Users\hyc\.m2\repository\com\vaadin\vaadin-grid-pro-flow\14.7.3\vaadin-grid-pro-flow-14.7.3.jar;C:\Users\hyc\.m2\repository\com\vaadin\vaadin-rich-text-editor-flow\14.7.3\vaadin-rich-text-editor-flow-14.7.3.jar;C:\Users\hyc\.m2\repository\com\vaadin\vaadin-spring-boot-starter\14.7.3\vaadin-spring-boot-starter-14.7.3.jar;C:\Users\hyc\.m2\repository\com\vaadin\vaadin-spring\12.4.0\vaadin-spring-12.4.0.jar;C:\Users\hyc\.m2\repository\org\springframework\spring-webmvc\5.3.12\spring-webmvc-5.3.12.jar;C:\Users\hyc\.m2\repository\org\springframework\spring-aop\5.3.12\spring-aop-5.3.12.jar;C:\Users\hyc\.m2\repository\org\springframework\spring-expression\5.3.12\spring-expression-5.3.12.jar;C:\Users\hyc\.m2\repository\org\springframework\spring-websocket\5.3.12\spring-websocket-5.3.12.jar;C:\Users\hyc\.m2\repository\org\springframework\boot\spring-boot-starter-web\2.5.6\spring-boot-starter-web-2.5.6.jar;C:\Users\hyc\.m2\repository\org\springframework\boot\spring-boot-starter-json\2.5.6\spring-boot-starter-json-2.5.6.jar;C:\Users\hyc\.m2\repository\com\fasterxml\jackson\datatype\jackson-datatype-jdk8\2.12.5\jackson-datatype-jdk8-2.12.5.jar;C:\Users\hyc\.m2\repository\com\fasterxml\jackson\datatype\jackson-datatype-jsr310\2.12.5\jackson-datatype-jsr310-2.12.5.jar;C:\Users\hyc\.m2\repository\com\fasterxml\jackson\module\jackson-module-parameter-names\2.12.5\jackson-module-parameter-names-2.12.5.jar;C:\Users\hyc\.m2\repository\org\springframework\boot\spring-boot-starter-tomcat\2.5.6\spring-boot-starter-tomcat-2.5.6.jar;C:\Users\hyc\.m2\repository\org\apache\tomcat\embed\tomcat-embed-core\9.0.54\tomcat-embed-core-9.0.54.jar;C:\Users\hyc\.m2\repository\org\apache\tomcat\embed\tomcat-embed-websocket\9.0.54\tomcat-embed-websocket-9.0.54.jar;C:\Users\hyc\.m2\repository\org\springframework\spring-web\5.3.12\spring-web-5.3.12.jar;C:\Users\hyc\.m2\repository\org\vaadin\artur\a-vaadin-helper\1.7.1\a-vaadin-helper-1.7.1.jar;C:\Users\hyc\.m2\repository\org\vaadin\artur\spring-data-provider\2.1.0\spring-data-provider-2.1.0.jar;C:\Users\hyc\.m2\repository\org\springframework\boot\spring-boot-starter-validation\2.5.6\spring-boot-starter-validation-2.5.6.jar;C:\Users\hyc\.m2\repository\org\apache\tomcat\embed\tomcat-embed-el\9.0.54\tomcat-embed-el-9.0.54.jar;C:\Users\hyc\.m2\repository\org\hibernate\validator\hibernate-validator\6.2.0.Final\hibernate-validator-6.2.0.Final.jar;C:\Users\hyc\.m2\repository\jakarta\validation\jakarta.validation-api\2.0.2\jakarta.validation-api-2.0.2.jar;C:\Users\hyc\.m2\repository\org\jboss\logging\jboss-logging\3.4.2.Final\jboss-logging-3.4.2.Final.jar;C:\Users\hyc\.m2\repository\com\fasterxml\classmate\1.5.1\classmate-1.5.1.jar;C:\Users\hyc\.m2\repository\com\google\firebase\firebase-admin\8.1.0\firebase-admin-8.1.0.jar;C:\Users\hyc\.m2\repository\com\google\api-client\google-api-client\1.32.1\google-api-client-1.32.1.jar;C:\Users\hyc\.m2\repository\com\google\oauth-client\google-oauth-client\1.31.5\google-oauth-client-1.31.5.jar;C:\Users\hyc\.m2\repository\com\google\http-client\google-http-client-gson\1.39.2\google-http-client-gson-1.39.2.jar;C:\Users\hyc\.m2\repository\com\google\http-client\google-http-client-apache-v2\1.39.2\google-http-client-apache-v2-1.39.2.jar;C:\Users\hyc\.m2\repository\org\apache\httpcomponents\httpcore\4.4.14\httpcore-4.4.14.jar;C:\Users\hyc\.m2\repository\com\google\api-client\google-api-client-gson\1.32.1\google-api-client-gson-1.32.1.jar;C:\Users\hyc\.m2\repository\com\google\http-client\google-http-client\1.39.2\google-http-client-1.39.2.jar;C:\Users\hyc\.m2\repository\com\google\code\findbugs\jsr305\3.0.2\jsr305-3.0.2.jar;C:\Users\hyc\.m2\repository\com\google\j2objc\j2objc-annotations\1.3\j2objc-annotations-1.3.jar;C:\Users\hyc\.m2\repository\io\opencensus\opencensus-contrib-http-util\0.28.0\opencensus-contrib-http-util-0.28.0.jar;C:\Users\hyc\.m2\repository\com\google\api\api-common\1.10.4\api-common-1.10.4.jar;C:\Users\hyc\.m2\repository\javax\annotation\javax.annotation-api\1.3.2\javax.annotation-api-1.3.2.jar;C:\Users\hyc\.m2\repository\com\google\auto\value\auto-value-annotations\1.8.1\auto-value-annotations-1.8.1.jar;C:\Users\hyc\.m2\repository\com\google\auth\google-auth-library-oauth2-http\0.26.0\google-auth-library-oauth2-http-0.26.0.jar;C:\Users\hyc\.m2\repository\com\google\auth\google-auth-library-credentials\0.26.0\google-auth-library-credentials-0.26.0.jar;C:\Users\hyc\.m2\repository\com\google\cloud\google-cloud-storage\1.118.0\google-cloud-storage-1.118.0.jar;C:\Users\hyc\.m2\repository\com\google\guava\failureaccess\1.0.1\failureaccess-1.0.1.jar;C:\Users\hyc\.m2\repository\com\google\guava\listenablefuture\9999.0-empty-to-avoid-conflict-with-guava\listenablefuture-9999.0-empty-to-avoid-conflict-with-guava.jar;C:\Users\hyc\.m2\repository\org\checkerframework\checker-compat-qual\2.5.5\checker-compat-qual-2.5.5.jar;C:\Users\hyc\.m2\repository\com\google\errorprone\error_prone_annotations\2.7.1\error_prone_annotations-2.7.1.jar;C:\Users\hyc\.m2\repository\com\google\http-client\google-http-client-jackson2\1.39.2\google-http-client-jackson2-1.39.2.jar;C:\Users\hyc\.m2\repository\com\google\apis\google-api-services-storage\v1-rev20210127-1.32.1\google-api-services-storage-v1-rev20210127-1.32.1.jar;C:\Users\hyc\.m2\repository\com\google\cloud\google-cloud-core\1.95.4\google-cloud-core-1.95.4.jar;C:\Users\hyc\.m2\repository\com\google\api\grpc\proto-google-common-protos\2.3.2\proto-google-common-protos-2.3.2.jar;C:\Users\hyc\.m2\repository\com\google\cloud\google-cloud-core-http\1.95.4\google-cloud-core-http-1.95.4.jar;C:\Users\hyc\.m2\repository\com\google\http-client\google-http-client-appengine\1.39.2\google-http-client-appengine-1.39.2.jar;C:\Users\hyc\.m2\repository\com\google\api\gax-httpjson\0.83.0\gax-httpjson-0.83.0.jar;C:\Users\hyc\.m2\repository\com\google\api\gax\1.66.0\gax-1.66.0.jar;C:\Users\hyc\.m2\repository\io\grpc\grpc-context\1.39.0\grpc-context-1.39.0.jar;C:\Users\hyc\.m2\repository\com\google\api\grpc\proto-google-iam-v1\1.0.14\proto-google-iam-v1-1.0.14.jar;C:\Users\hyc\.m2\repository\com\google\protobuf\protobuf-java\3.17.3\protobuf-java-3.17.3.jar;C:\Users\hyc\.m2\repository\com\google\protobuf\protobuf-java-util\3.17.3\protobuf-java-util-3.17.3.jar;C:\Users\hyc\.m2\repository\org\threeten\threetenbp\1.5.1\threetenbp-1.5.1.jar;C:\Users\hyc\.m2\repository\com\google\cloud\google-cloud-firestore\2.6.1\google-cloud-firestore-2.6.1.jar;C:\Users\hyc\.m2\repository\com\google\cloud\google-cloud-core-grpc\1.95.4\google-cloud-core-grpc-1.95.4.jar;C:\Users\hyc\.m2\repository\io\grpc\grpc-core\1.39.0\grpc-core-1.39.0.jar;C:\Users\hyc\.m2\repository\com\google\android\annotations\4.1.1.4\annotations-4.1.1.4.jar;C:\Users\hyc\.m2\repository\org\codehaus\mojo\animal-sniffer-annotations\1.20\animal-sniffer-annotations-1.20.jar;C:\Users\hyc\.m2\repository\io\perfmark\perfmark-api\0.23.0\perfmark-api-0.23.0.jar;C:\Users\hyc\.m2\repository\commons-logging\commons-logging\1.2\commons-logging-1.2.jar;C:\Users\hyc\.m2\repository\commons-codec\commons-codec\1.15\commons-codec-1.15.jar;C:\Users\hyc\.m2\repository\com\google\api\grpc\proto-google-cloud-firestore-v1\2.6.1\proto-google-cloud-firestore-v1-2.6.1.jar;C:\Users\hyc\.m2\repository\com\google\cloud\proto-google-cloud-firestore-bundle-v1\2.6.1\proto-google-cloud-firestore-bundle-v1-2.6.1.jar;C:\Users\hyc\.m2\repository\io\opencensus\opencensus-contrib-grpc-util\0.28.0\opencensus-contrib-grpc-util-0.28.0.jar;C:\Users\hyc\.m2\repository\io\grpc\grpc-protobuf\1.39.0\grpc-protobuf-1.39.0.jar;C:\Users\hyc\.m2\repository\io\grpc\grpc-protobuf-lite\1.39.0\grpc-protobuf-lite-1.39.0.jar;C:\Users\hyc\.m2\repository\io\grpc\grpc-api\1.39.0\grpc-api-1.39.0.jar;C:\Users\hyc\.m2\repository\com\google\api\gax-grpc\1.66.0\gax-grpc-1.66.0.jar;C:\Users\hyc\.m2\repository\io\grpc\grpc-auth\1.39.0\grpc-auth-1.39.0.jar;C:\Users\hyc\.m2\repository\io\grpc\grpc-netty-shaded\1.39.0\grpc-netty-shaded-1.39.0.jar;C:\Users\hyc\.m2\repository\io\grpc\grpc-alts\1.39.0\grpc-alts-1.39.0.jar;C:\Users\hyc\.m2\repository\io\grpc\grpc-grpclb\1.39.0\grpc-grpclb-1.39.0.jar;C:\Users\hyc\.m2\repository\org\conscrypt\conscrypt-openjdk-uber\2.5.1\conscrypt-openjdk-uber-2.5.1.jar;C:\Users\hyc\.m2\repository\io\grpc\grpc-stub\1.39.0\grpc-stub-1.39.0.jar;C:\Users\hyc\.m2\repository\com\google\guava\guava\30.1.1-android\guava-30.1.1-android.jar;C:\Users\hyc\.m2\repository\org\slf4j\slf4j-api\1.7.32\slf4j-api-1.7.32.jar;C:\Users\hyc\.m2\repository\io\netty\netty-codec-http\4.1.69.Final\netty-codec-http-4.1.69.Final.jar;C:\Users\hyc\.m2\repository\io\netty\netty-common\4.1.69.Final\netty-common-4.1.69.Final.jar;C:\Users\hyc\.m2\repository\io\netty\netty-buffer\4.1.69.Final\netty-buffer-4.1.69.Final.jar;C:\Users\hyc\.m2\repository\io\netty\netty-codec\4.1.69.Final\netty-codec-4.1.69.Final.jar;C:\Users\hyc\.m2\repository\io\netty\netty-handler\4.1.69.Final\netty-handler-4.1.69.Final.jar;C:\Users\hyc\.m2\repository\io\netty\netty-resolver\4.1.69.Final\netty-resolver-4.1.69.Final.jar;C:\Users\hyc\.m2\repository\io\netty\netty-transport\4.1.69.Final\netty-transport-4.1.69.Final.jar;C:\Users\hyc\.m2\repository\org\springframework\boot\spring-boot-devtools\2.5.6\spring-boot-devtools-2.5.6.jar;C:\Users\hyc\.m2\repository\org\springframework\boot\spring-boot\2.5.6\spring-boot-2.5.6.jar;C:\Users\hyc\.m2\repository\org\springframework\spring-context\5.3.12\spring-context-5.3.12.jar;C:\Users\hyc\.m2\repository\org\springframework\boot\spring-boot-autoconfigure\2.5.6\spring-boot-autoconfigure-2.5.6.jar;C:\Users\hyc\.m2\repository\org\springframework\boot\spring-boot-starter-test\2.5.6\spring-boot-starter-test-2.5.6.jar;C:\Users\hyc\.m2\repository\org\springframework\boot\spring-boot-test\2.5.6\spring-boot-test-2.5.6.jar;C:\Users\hyc\.m2\repository\org\springframework\boot\spring-boot-test-autoconfigure\2.5.6\spring-boot-test-autoconfigure-2.5.6.jar;C:\Users\hyc\.m2\repository\com\jayway\jsonpath\json-path\2.5.0\json-path-2.5.0.jar;C:\Users\hyc\.m2\repository\net\minidev\json-smart\2.4.7\json-smart-2.4.7.jar;C:\Users\hyc\.m2\repository\net\minidev\accessors-smart\2.4.7\accessors-smart-2.4.7.jar;C:\Users\hyc\.m2\repository\org\ow2\asm\asm\9.1\asm-9.1.jar;C:\Users\hyc\.m2\repository\jakarta\xml\bind\jakarta.xml.bind-api\2.3.3\jakarta.xml.bind-api-2.3.3.jar;C:\Users\hyc\.m2\repository\jakarta\activation\jakarta.activation-api\1.2.2\jakarta.activation-api-1.2.2.jar;C:\Users\hyc\.m2\repository\org\assertj\assertj-core\3.19.0\assertj-core-3.19.0.jar;C:\Users\hyc\.m2\repository\org\hamcrest\hamcrest\2.2\hamcrest-2.2.jar;C:\Users\hyc\.m2\repository\org\junit\jupiter\junit-jupiter\5.7.2\junit-jupiter-5.7.2.jar;C:\Users\hyc\.m2\repository\org\junit\jupiter\junit-jupiter-api\5.7.2\junit-jupiter-api-5.7.2.jar;C:\Users\hyc\.m2\repository\org\junit\jupiter\junit-jupiter-params\5.7.2\junit-jupiter-params-5.7.2.jar;C:\Users\hyc\.m2\repository\org\junit\jupiter\junit-jupiter-engine\5.7.2\junit-jupiter-engine-5.7.2.jar;C:\Users\hyc\.m2\repository\org\mockito\mockito-core\3.9.0\mockito-core-3.9.0.jar;C:\Users\hyc\.m2\repository\net\bytebuddy\byte-buddy\1.10.22\byte-buddy-1.10.22.jar;C:\Users\hyc\.m2\repository\net\bytebuddy\byte-buddy-agent\1.10.22\byte-buddy-agent-1.10.22.jar;C:\Users\hyc\.m2\repository\org\objenesis\objenesis\3.2\objenesis-3.2.jar;C:\Users\hyc\.m2\repository\org\mockito\mockito-junit-jupiter\3.9.0\mockito-junit-jupiter-3.9.0.jar;C:\Users\hyc\.m2\repository\org\skyscreamer\jsonassert\1.5.0\jsonassert-1.5.0.jar;C:\Users\hyc\.m2\repository\com\vaadin\external\google\android-json\0.0.20131108.vaadin1\android-json-0.0.20131108.vaadin1.jar;C:\Users\hyc\.m2\repository\org\springframework\spring-core\5.3.12\spring-core-5.3.12.jar;C:\Users\hyc\.m2\repository\org\springframework\spring-jcl\5.3.12\spring-jcl-5.3.12.jar;C:\Users\hyc\.m2\repository\org\springframework\spring-test\5.3.12\spring-test-5.3.12.jar;C:\Users\hyc\.m2\repository\org\xmlunit\xmlunit-core\2.8.3\xmlunit-core-2.8.3.jar;C:\Users\hyc\.m2\repository\com\vaadin\vaadin-testbench\14.7.3\vaadin-testbench-14.7.3.jar;C:\Users\hyc\.m2\repository\com\vaadin\vaadin-testbench-core\6.4.0\vaadin-testbench-core-6.4.0.jar;C:\Users\hyc\.m2\repository\org\seleniumhq\selenium\selenium-remote-driver\3.141.59\selenium-remote-driver-3.141.59.jar;C:\Users\hyc\.m2\repository\org\seleniumhq\selenium\selenium-api\3.141.59\selenium-api-3.141.59.jar;C:\Users\hyc\.m2\repository\org\apache\commons\commons-exec\1.3\commons-exec-1.3.jar;C:\Users\hyc\.m2\repository\org\seleniumhq\selenium\selenium-java\3.141.59\selenium-java-3.141.59.jar;C:\Users\hyc\.m2\repository\org\seleniumhq\selenium\selenium-chrome-driver\3.141.59\selenium-chrome-driver-3.141.59.jar;C:\Users\hyc\.m2\repository\org\seleniumhq\selenium\selenium-edge-driver\3.141.59\selenium-edge-driver-3.141.59.jar;C:\Users\hyc\.m2\repository\org\seleniumhq\selenium\selenium-firefox-driver\3.141.59\selenium-firefox-driver-3.141.59.jar;C:\Users\hyc\.m2\repository\org\seleniumhq\selenium\selenium-ie-driver\3.141.59\selenium-ie-driver-3.141.59.jar;C:\Users\hyc\.m2\repository\org\seleniumhq\selenium\selenium-opera-driver\3.141.59\selenium-opera-driver-3.141.59.jar;C:\Users\hyc\.m2\repository\org\seleniumhq\selenium\selenium-safari-driver\3.141.59\selenium-safari-driver-3.141.59.jar;C:\Users\hyc\.m2\repository\org\seleniumhq\selenium\selenium-support\3.141.59\selenium-support-3.141.59.jar;C:\Users\hyc\.m2\repository\org\easymock\easymock\3.1\easymock-3.1.jar;C:\Users\hyc\.m2\repository\cglib\cglib-nodep\2.2.2\cglib-nodep-2.2.2.jar;C:\Users\hyc\.m2\repository\org\javassist\javassist\3.18.1-GA\javassist-3.18.1-GA.jar;C:\Users\hyc\.m2\repository\com\vaadin\license-checker\1.2.0\license-checker-1.2.0.jar;C:\Users\hyc\.m2\repository\com\github\oshi\oshi-core\5.5.0\oshi-core-5.5.0.jar;C:\Users\hyc\.m2\repository\net\java\dev\jna\jna\5.7.0\jna-5.7.0.jar;C:\Users\hyc\.m2\repository\net\java\dev\jna\jna-platform\5.7.0\jna-platform-5.7.0.jar;C:\Users\hyc\.m2\repository\com\google\gwt\gwt-elemental\2.8.0\gwt-elemental-2.8.0.jar;C:\Users\hyc\.m2\repository\com\vaadin\flow-html-components-testbench\2.7.2\flow-html-components-testbench-2.7.2.jar;C:\Users\hyc\.m2\repository\com\vaadin\vaadin-accordion-testbench\14.7.3\vaadin-accordion-testbench-14.7.3.jar;C:\Users\hyc\.m2\repository\org\webjars\bowergithub\polymer\polymer\2.7.0\polymer-2.7.0.jar;C:\Users\hyc\.m2\repository\org\webjars\bowergithub\webcomponents\webcomponentsjs\1.2.6\webcomponentsjs-1.2.6.jar;C:\Users\hyc\.m2\repository\org\webjars\bowergithub\webcomponents\shadycss\1.8.0\shadycss-1.8.0.jar;C:\Users\hyc\.m2\repository\org\webjars\bowergithub\vaadin\vaadin-element-mixin\2.4.2\vaadin-element-mixin-2.4.2.jar;C:\Users\hyc\.m2\repository\org\webjars\bowergithub\vaadin\vaadin-usage-statistics\2.1.0\vaadin-usage-statistics-2.1.0.jar;C:\Users\hyc\.m2\repository\org\webjars\bowergithub\vaadin\vaadin-development-mode-detector\2.0.4\vaadin-development-mode-detector-2.0.4.jar;C:\Users\hyc\.m2\repository\com\vaadin\vaadin-app-layout-testbench\14.7.3\vaadin-app-layout-testbench-14.7.3.jar;C:\Users\hyc\.m2\repository\com\vaadin\vaadin-avatar-testbench\14.7.3\vaadin-avatar-testbench-14.7.3.jar;C:\Users\hyc\.m2\repository\com\vaadin\vaadin-board-testbench\14.7.3\vaadin-board-testbench-14.7.3.jar;C:\Users\hyc\.m2\repository\com\vaadin\vaadin-button-testbench\14.7.3\vaadin-button-testbench-14.7.3.jar;C:\Users\hyc\.m2\repository\com\vaadin\vaadin-charts-testbench\14.7.3\vaadin-charts-testbench-14.7.3.jar;C:\Users\hyc\.m2\repository\com\vaadin\vaadin-checkbox-testbench\14.7.3\vaadin-checkbox-testbench-14.7.3.jar;C:\Users\hyc\.m2\repository\com\vaadin\vaadin-combo-box-testbench\14.7.3\vaadin-combo-box-testbench-14.7.3.jar;C:\Users\hyc\.m2\repository\com\vaadin\vaadin-confirm-dialog-testbench\14.7.3\vaadin-confirm-dialog-testbench-14.7.3.jar;C:\Users\hyc\.m2\repository\com\vaadin\vaadin-context-menu-testbench\14.7.3\vaadin-context-menu-testbench-14.7.3.jar;C:\Users\hyc\.m2\repository\com\vaadin\vaadin-cookie-consent-testbench\14.7.3\vaadin-cookie-consent-testbench-14.7.3.jar;C:\Users\hyc\.m2\repository\com\vaadin\vaadin-crud-testbench\14.7.3\vaadin-crud-testbench-14.7.3.jar;C:\Users\hyc\.m2\repository\com\vaadin\vaadin-custom-field-testbench\14.7.3\vaadin-custom-field-testbench-14.7.3.jar;C:\Users\hyc\.m2\repository\com\vaadin\vaadin-date-picker-testbench\14.7.3\vaadin-date-picker-testbench-14.7.3.jar;C:\Users\hyc\.m2\repository\com\vaadin\vaadin-date-time-picker-testbench\14.7.3\vaadin-date-time-picker-testbench-14.7.3.jar;C:\Users\hyc\.m2\repository\com\vaadin\vaadin-details-testbench\14.7.3\vaadin-details-testbench-14.7.3.jar;C:\Users\hyc\.m2\repository\com\vaadin\vaadin-dialog-testbench\14.7.3\vaadin-dialog-testbench-14.7.3.jar;C:\Users\hyc\.m2\repository\com\vaadin\vaadin-form-layout-testbench\14.7.3\vaadin-form-layout-testbench-14.7.3.jar;C:\Users\hyc\.m2\repository\com\vaadin\vaadin-grid-testbench\14.7.3\vaadin-grid-testbench-14.7.3.jar;C:\Users\hyc\.m2\repository\com\vaadin\vaadin-grid-pro-testbench\14.7.3\vaadin-grid-pro-testbench-14.7.3.jar;C:\Users\hyc\.m2\repository\com\vaadin\vaadin-icons-testbench\14.7.3\vaadin-icons-testbench-14.7.3.jar;C:\Users\hyc\.m2\repository\com\vaadin\vaadin-iron-list-testbench\14.7.3\vaadin-iron-list-testbench-14.7.3.jar;C:\Users\hyc\.m2\repository\com\vaadin\vaadin-list-box-testbench\14.7.3\vaadin-list-box-testbench-14.7.3.jar;C:\Users\hyc\.m2\repository\com\vaadin\vaadin-login-testbench\14.7.3\vaadin-login-testbench-14.7.3.jar;C:\Users\hyc\.m2\repository\com\vaadin\vaadin-menu-bar-testbench\14.7.3\vaadin-menu-bar-testbench-14.7.3.jar;C:\Users\hyc\.m2\repository\com\vaadin\vaadin-messages-testbench\14.7.3\vaadin-messages-testbench-14.7.3.jar;C:\Users\hyc\.m2\repository\com\vaadin\vaadin-notification-testbench\14.7.3\vaadin-notification-testbench-14.7.3.jar;C:\Users\hyc\.m2\repository\com\vaadin\vaadin-ordered-layout-testbench\14.7.3\vaadin-ordered-layout-testbench-14.7.3.jar;C:\Users\hyc\.m2\repository\com\vaadin\vaadin-progress-bar-testbench\14.7.3\vaadin-progress-bar-testbench-14.7.3.jar;C:\Users\hyc\.m2\repository\com\vaadin\vaadin-radio-button-testbench\14.7.3\vaadin-radio-button-testbench-14.7.3.jar;C:\Users\hyc\.m2\repository\com\vaadin\vaadin-rich-text-editor-testbench\14.7.3\vaadin-rich-text-editor-testbench-14.7.3.jar;C:\Users\hyc\.m2\repository\com\vaadin\vaadin-select-testbench\14.7.3\vaadin-select-testbench-14.7.3.jar;C:\Users\hyc\.m2\repository\com\vaadin\vaadin-split-layout-testbench\14.7.3\vaadin-split-layout-testbench-14.7.3.jar;C:\Users\hyc\.m2\repository\com\vaadin\vaadin-tabs-testbench\14.7.3\vaadin-tabs-testbench-14.7.3.jar;C:\Users\hyc\.m2\repository\com\vaadin\vaadin-text-field-testbench\14.7.3\vaadin-text-field-testbench-14.7.3.jar;C:\Users\hyc\.m2\repository\com\vaadin\vaadin-time-picker-testbench\14.7.3\vaadin-time-picker-testbench-14.7.3.jar;C:\Users\hyc\.m2\repository\com\vaadin\vaadin-upload-testbench\14.7.3\vaadin-upload-testbench-14.7.3.jar;C:\Users\hyc\.m2\repository\org\junit\vintage\junit-vintage-engine\5.7.2\junit-vintage-engine-5.7.2.jar;C:\Users\hyc\.m2\repository\org\apiguardian\apiguardian-api\1.1.0\apiguardian-api-1.1.0.jar;C:\Users\hyc\.m2\repository\org\junit\platform\junit-platform-engine\1.7.2\junit-platform-engine-1.7.2.jar;C:\Users\hyc\.m2\repository\org\opentest4j\opentest4j\1.2.0\opentest4j-1.2.0.jar;C:\Users\hyc\.m2\repository\org\junit\platform\junit-platform-commons\1.7.2\junit-platform-commons-1.7.2.jar;C:\Users\hyc\.m2\repository\junit\junit\4.13.2\junit-4.13.2.jar;C:\Users\hyc\.m2\repository\org\apache\activemq\activemq-broker\5.16.3\activemq-broker-5.16.3.jar;C:\Users\hyc\.m2\repository\org\apache\activemq\activemq-client\5.16.3\activemq-client-5.16.3.jar;C:\Users\hyc\.m2\repository\org\apache\geronimo\specs\geronimo-jms_1.1_spec\1.1.1\geronimo-jms_1.1_spec-1.1.1.jar;C:\Users\hyc\.m2\repository\org\fusesource\hawtbuf\hawtbuf\1.11\hawtbuf-1.11.jar;C:\Users\hyc\.m2\repository\org\apache\geronimo\specs\geronimo-j2ee-management_1.1_spec\1.0.1\geronimo-j2ee-management_1.1_spec-1.0.1.jar;C:\Users\hyc\.m2\repository\org\apache\activemq\activemq-openwire-legacy\5.16.3\activemq-openwire-legacy-5.16.3.jar;C:\Users\hyc\.m2\repository\org\apache\activemq\activemq-pool\5.16.3\activemq-pool-5.16.3.jar;C:\Users\hyc\.m2\repository\org\apache\activemq\activemq-jms-pool\5.16.3\activemq-jms-pool-5.16.3.jar;C:\Users\hyc\.m2\repository\org\apache\geronimo\specs\geronimo-jta_1.1_spec\1.1.1\geronimo-jta_1.1_spec-1.1.1.jar;C:\Users\hyc\.m2\repository\org\apache\commons\commons-pool2\2.9.0\commons-pool2-2.9.0.jar;C:\Users\hyc\.m2\repository\com\fasterxml\jackson\core\jackson-databind\2.12.5\jackson-databind-2.12.5.jar;C:\Users\hyc\.m2\repository\com\fasterxml\jackson\core\jackson-annotations\2.12.5\jackson-annotations-2.12.5.jar;C:\Users\hyc\.m2\repository\com\fasterxml\jackson\core\jackson-core\2.12.5\jackson-core-2.12.5.jar;C:\Users\hyc\.m2\repository\io\github\bonigarcia\webdrivermanager\3.8.1\webdrivermanager-3.8.1.jar;C:\Users\hyc\.m2\repository\commons-io\commons-io\2.6\commons-io-2.6.jar;C:\Users\hyc\.m2\repository\com\google\code\gson\gson\2.8.8\gson-2.8.8.jar;C:\Users\hyc\.m2\repository\org\apache\commons\commons-lang3\3.12.0\commons-lang3-3.12.0.jar;C:\Users\hyc\.m2\repository\org\apache\httpcomponents\httpclient\4.5.13\httpclient-4.5.13.jar;C:\Users\hyc\.m2\repository\org\rauschig\jarchivelib\1.0.0\jarchivelib-1.0.0.jar;C:\Users\hyc\.m2\repository\org\apache\commons\commons-compress\1.18\commons-compress-1.18.jar;C:\Users\hyc\.m2\repository\org\jsoup\jsoup\1.11.3\jsoup-1.11.3.jar;C:\Users\hyc\.m2\repository\com\flowingcode\vaadin\addons\google-maps\1.4.0\google-maps-1.4.0.jar;C:\Users\hyc\.m2\repository\com\google\maps\google-maps-services\1.0.0\google-maps-services-1.0.0.jar;C:\Users\hyc\.m2\repository\com\squareup\okhttp3\okhttp\3.14.9\okhttp-3.14.9.jar;C:\Users\hyc\.m2\repository\com\squareup\okio\okio\1.17.2\okio-1.17.2.jar;C:\Users\hyc\.m2\repository\io\opencensus\opencensus-api\0.25.0\opencensus-api-0.25.0.jar;C:\Users\hyc\.m2\repository\com\vaadin\componentfactory\autocomplete\2.3.2\autocomplete-2.3.2.jar;C:\Users\hyc\.m2\repository\org\vaadin\olli\file-download-wrapper\3.0.1\file-download-wrapper-3.0.1.jar;C:\Users\hyc\.m2\repository\com\itextpdf\itextpdf\5.5.13.2\itextpdf-5.5.13.2.jar;"/>
    <property name="sun.cpu.endian" value="little"/>
    <property name="user.home" value="C:\Users\hyc"/>
    <property name="user.language" value="es"/>
    <property name="java.specification.vendor" value="Oracle Corporation"/>
    <property name="java.version.date" value="2021-07-20"/>
    <property name="java.home" value="C:\Users\hyc\.jdks\openjdk-16.0.2"/>
    <property name="file.separator" value="\"/>
    <property name="basedir" value="C:\Users\hyc\IntelliJProjects\DAK2"/>
    <property name="java.vm.compressedOopsMode" value="Zero based"/>
    <property name="line.separator" value="&#10;"/>
    <property name="java.vm.specification.vendor" value="Oracle Corporation"/>
    <property name="java.specification.name" value="Java Platform API Specification"/>
    <property name="surefire.real.class.path" value="C:\Users\hyc\AppData\Local\Temp\surefire7270059479169322678\surefirebooter1362387116343575168.jar"/>
    <property name="user.script" value=""/>
    <property name="sun.management.compiler" value="HotSpot 64-Bit Tiered Compilers"/>
    <property name="java.runtime.version" value="16.0.2+7-67"/>
    <property name="user.name" value="hyc"/>
    <property name="path.separator" value=";"/>
    <property name="os.version" value="10.0"/>
    <property name="java.runtime.name" value="OpenJDK Runtime Environment"/>
    <property name="file.encoding" value="Cp1252"/>
    <property name="java.vm.name" value="OpenJDK 64-Bit Server VM"/>
    <property name="localRepository" value="C:\Users\hyc\.m2\repository"/>
    <property name="java.vendor.url.bug" value="https://bugreport.java.com/bugreport/"/>
    <property name="java.io.tmpdir" value="C:\Users\hyc\AppData\Local\Temp\"/>
    <property name="idea.version" value="2021.1.3"/>
    <property name="java.version" value="16.0.2"/>
    <property name="user.dir" value="C:\Users\hyc\IntelliJProjects\DAK2"/>
    <property name="os.arch" value="amd64"/>
    <property name="java.vm.specification.name" value="Java Virtual Machine Specification"/>
    <property name="sun.os.patch.level" value=""/>
    <property name="java.library.path" value="C:\Users\hyc\.jdks\openjdk-16.0.2\bin;C:\WINDOWS\Sun\Java\bin;C:\WINDOWS\system32;C:\WINDOWS;C:\Program Files (x86)\Common Files\Oracle\Java\javapath;&quot;C:\WINDOWS\system32; C:\Program Files\Java\jdk1.8.0_241\bin&quot;;C:\WINDOWS;C:\WINDOWS\System32\Wbem;C:\WINDOWS\System32\WindowsPowerShell\v1.0\;C:\WINDOWS\System32\OpenSSH\;C:\Program Files\dotnet\;C:\Program Files\Microsoft SQL Server\130\Tools\Binn\;C:\Program Files\Microsoft SQL Server\Client SDK\ODBC\170\Tools\Binn\;C:\WINDOWS\system32;C:\Program Files\PuTTY\;C:\Program Files (x86)\Microsoft SQL Server\150\DTS\Binn\;C:\Program Files\Azure Data Studio\bin;C:\Program Files (x86)\Microsoft SQL Server\150\Tools\Binn\;C:\Program Files\Microsoft SQL Server\150\Tools\Binn\;C:\Program Files\Microsoft SQL Server\150\DTS\Binn\;C:\Program Files\Java\jdk1.8.0_241\bin;C:\Program Files\Git\cmd;C:\WINDOWS\SysWOW64\;C:\WINDOWS\SysWOW64\1033;C:\Program Files\Docker\Docker\resources\bin;C:\ProgramData\DockerDesktop\version-bin;C:\Python\Scripts;C:\Python\;C:\Program Files\nodejs\;C:\Users\hyc\anaconda3;C:\Users\hyc\anaconda3\Library\mingw-w64\bin;C:\Users\hyc\anaconda3\Library\usr\bin;C:\Users\hyc\anaconda3\Library\bin;C:\Users\hyc\anaconda3\Scripts;C:\Python\Scripts\;C:\Python\;C:\Users\hyc\AppData\Local\Programs\Python\Launcher\;C:\Users\hyc\AppData\Local\Microsoft\WindowsApps;C:\Users\hyc\.dotnet\tools;C:\Users\hyc\AppData\Local\GitHubDesktop\bin;C:\Program Files\Azure Data Studio\bin;C:\Users\hyc\AppData\Local\Programs\Microsoft VS Code\bin;C:\Program Files\JetBrains\IntelliJ IDEA Community Edition 2021.1.3\bin;;C:\Program Files\JetBrains\PyCharm Community Edition 2021.2.1\bin;;C:\Users\hyc\AppData\Roaming\npm;C:\Program Files\JetBrains\WebStorm 2021.2.1\bin;;C:\Program Files\JetBrains\DataGrip 2021.2.2\bin;;C:\Program Files (x86)\Jar2Exe Wizard\;."/>
    <property name="java.vm.info" value="mixed mode, sharing"/>
    <property name="java.vendor" value="Oracle Corporation"/>
    <property name="java.vm.version" value="16.0.2+7-67"/>
    <property name="sun.io.unicode.encoding" value="UnicodeLittle"/>
    <property name="java.class.version" value="60.0"/>
  </properties>
  <testcase name="contextLoads" classname="application.dak.DAK.DakApplicationTests" time="1.387"/>
</testsuite>